c:\users\anwender\downloads\imgui-keyauth-base-main\imgui-keyauth-base-main\x64\release\vc143.pdb
c:\users\anwender\downloads\imgui-keyauth-base-main\imgui-keyauth-base-main\x64\release\utils.obj
c:\users\anwender\downloads\imgui-keyauth-base-main\imgui-keyauth-base-main\x64\release\service.obj
c:\users\anwender\downloads\imgui-keyauth-base-main\imgui-keyauth-base-main\x64\release\portable_executable.obj
c:\users\anwender\downloads\imgui-keyauth-base-main\imgui-keyauth-base-main\x64\release\kdmapper.obj
c:\users\anwender\downloads\imgui-keyauth-base-main\imgui-keyauth-base-main\x64\release\intel_driver.obj
c:\users\anwender\downloads\imgui-keyauth-base-main\imgui-keyauth-base-main\x64\release\main.obj
c:\users\anwender\downloads\imgui-keyauth-base-main\imgui-keyauth-base-main\x64\release\imgui_widgets.obj
c:\users\anwender\downloads\imgui-keyauth-base-main\imgui-keyauth-base-main\x64\release\imgui_tables.obj
c:\users\anwender\downloads\imgui-keyauth-base-main\imgui-keyauth-base-main\x64\release\imgui_shadow.obj
c:\users\anwender\downloads\imgui-keyauth-base-main\imgui-keyauth-base-main\x64\release\imgui_impl_win32.obj
c:\users\anwender\downloads\imgui-keyauth-base-main\imgui-keyauth-base-main\x64\release\imgui_impl_dx9.obj
c:\users\anwender\downloads\imgui-keyauth-base-main\imgui-keyauth-base-main\x64\release\imgui_draw.obj
c:\users\anwender\downloads\imgui-keyauth-base-main\imgui-keyauth-base-main\x64\release\imgui_demo.obj
c:\users\anwender\downloads\imgui-keyauth-base-main\imgui-keyauth-base-main\x64\release\imgui.obj
c:\users\anwender\downloads\imgui-keyauth-base-main\imgui-keyauth-base-main\x64\release\imgui-keyauth-base.exe
c:\users\anwender\downloads\imgui-keyauth-base-main\imgui-keyauth-base-main\x64\release\imgui-keyauth-base.pdb
c:\users\anwender\downloads\imgui-keyauth-base-main\imgui-keyauth-base-main\x64\release\imgui-keyauth-base.ipdb
c:\users\anwender\downloads\imgui-keyauth-base-main\imgui-keyauth-base-main\x64\release\imgui-keyauth-base.iobj
c:\users\anwender\downloads\imgui-keyauth-base-main\imgui-keyauth-base-main\x64\release\imgui-ke.20c1ce4c.tlog\cl.command.1.tlog
c:\users\anwender\downloads\imgui-keyauth-base-main\imgui-keyauth-base-main\x64\release\imgui-ke.20c1ce4c.tlog\cl.read.1.tlog
c:\users\anwender\downloads\imgui-keyauth-base-main\imgui-keyauth-base-main\x64\release\imgui-ke.20c1ce4c.tlog\cl.write.1.tlog
c:\users\anwender\downloads\imgui-keyauth-base-main\imgui-keyauth-base-main\x64\release\imgui-ke.20c1ce4c.tlog\link.command.1.tlog
c:\users\anwender\downloads\imgui-keyauth-base-main\imgui-keyauth-base-main\x64\release\imgui-ke.20c1ce4c.tlog\link.read.1.tlog
c:\users\anwender\downloads\imgui-keyauth-base-main\imgui-keyauth-base-main\x64\release\imgui-ke.20c1ce4c.tlog\link.write.1.tlog
c:\users\anwender\downloads\imgui-keyauth-base-main\imgui-keyauth-base-main\x64\release\imgui-ke.20c1ce4c.tlog\link.write.2u.tlog
